<?xml version="1.0" encoding="UTF-8" ?>
<testsuite errors="0" failures="0" hostname="LS--20150619NZG" name="jessie.booksmanage.test.service.ReadBeanRecordServiceImplTest" skipped="0" tests="2" time="0.212" timestamp="2016-06-04T14:47:11">
  <properties>
    <property name="java.vendor" value="Oracle Corporation" />
    <property name="checkstyle.failure" value="Got 2043 errors and 0 warnings." />
    <property name="lib.dir" value="C:\Users\Administrator\Desktop\ManageBooks\WebContent\WEB-INF\lib" />
    <property name="sun.java.launcher" value="SUN_STANDARD" />
    <property name="eclipse.pdebuild.templates" value="/F:/eclipse/plugins/org.eclipse.pde.build_3.8.100.v20130514-1028/templates/" />
    <property name="sun.management.compiler" value="HotSpot 64-Bit Tiered Compilers" />
    <property name="os.name" value="Windows 7" />
    <property name="CheckReport.dir" value="C:\Users\Administrator\Desktop\ManageBooks\CheckReport" />
    <property name="sun.boot.class.path" value="C:\Program Files\Java\jre1.8.0_45\lib\resources.jar;C:\Program Files\Java\jre1.8.0_45\lib\rt.jar;C:\Program Files\Java\jre1.8.0_45\lib\sunrsasign.jar;C:\Program Files\Java\jre1.8.0_45\lib\jsse.jar;C:\Program Files\Java\jre1.8.0_45\lib\jce.jar;C:\Program Files\Java\jre1.8.0_45\lib\charsets.jar;C:\Program Files\Java\jre1.8.0_45\lib\jfr.jar;C:\Program Files\Java\jre1.8.0_45\classes" />
    <property name="srcbin.dir" value="C:\Users\Administrator\Desktop\ManageBooks\srcbin" />
    <property name="findbugs.home" value="C:\Users\Administrator\Desktop\ManageBooks\WebContent\WEB-INF\lib/findbugs-2.0.1" />
    <property name="sun.desktop" value="windows" />
    <property name="java.vm.specification.vendor" value="Oracle Corporation" />
    <property name="ant.home" value="C:\apache-ant-1.9.5" />
    <property name="resource.dir" value="C:\Users\Administrator\Desktop\ManageBooks/resources" />
    <property name="java.runtime.version" value="1.8.0_45-b15" />
    <property name="user.name" value="Administrator" />
    <property name="user.language" value="zh" />
    <property name="sun.boot.library.path" value="C:\Program Files\Java\jre1.8.0_45\bin" />
    <property name="ant.project.default-target" value="rebuild" />
    <property name="doc.dir" value="C:\Users\Administrator\Desktop\ManageBooks/doc" />
    <property name="ant.project.name" value="ManageBooks" />
    <property name="java.version" value="1.8.0_45" />
    <property name="user.timezone" value="GMT+08:00" />
    <property name="sun.arch.data.model" value="64" />
    <property name="java.endorsed.dirs" value="C:\Program Files\Java\jre1.8.0_45\lib\endorsed" />
    <property name="sun.cpu.isalist" value="amd64" />
    <property name="sun.jnu.encoding" value="GBK" />
    <property name="file.encoding.pkg" value="sun.io" />
    <property name="file.separator" value="\" />
    <property name="java.specification.name" value="Java Platform API Specification" />
    <property name="java.class.version" value="52.0" />
    <property name="user.country" value="CN" />
    <property name="java.home" value="C:\Program Files\Java\jre1.8.0_45" />
    <property name="java.vm.info" value="mixed mode" />
    <property name="ant.file" value="C:\Users\Administrator\Desktop\ManageBooks\buildAll.xml" />
    <property name="os.version" value="6.1" />
    <property name="ant.file.ManageBooks" value="C:\Users\Administrator\Desktop\ManageBooks\buildAll.xml" />
    <property name="path.separator" value=";" />
    <property name="java.vm.version" value="25.45-b02" />
    <property name="user.variant" value="" />
    <property name="ant.library.dir" value="C:\apache-ant-1.9.5\lib" />
    <property name="java.awt.printerjob" value="sun.awt.windows.WPrinterJob" />
    <property name="sun.io.unicode.encoding" value="UnicodeLittle" />
    <property name="awt.toolkit" value="sun.awt.windows.WToolkit" />
    <property name="user.script" value="" />
    <property name="findbugsReport.dir" value="C:\Users\Administrator\Desktop\ManageBooks/findbugsReport" />
    <property name="eclipse.pdebuild.scripts" value="/F:/eclipse/plugins/org.eclipse.pde.build_3.8.100.v20130514-1028/scripts/" />
    <property name="user.home" value="C:\Users\Administrator" />
    <property name="java.specification.vendor" value="Oracle Corporation" />
    <property name="test.dir" value="C:\Users\Administrator\Desktop\ManageBooks\testsrc" />
    <property name="java.library.path" value="C:\Program Files\Java\jre1.8.0_45\bin;C:\Windows\Sun\Java\bin;C:\Windows\system32;C:\Windows;C:/Program Files/Java/jre1.8.0_45/bin/server;C:/Program Files/Java/jre1.8.0_45/bin;C:/Program Files/Java/jre1.8.0_45/lib/amd64;C:\ProgramData\Oracle\Java\javapath;C:\Windows\system32;C:\Windows;C:\Windows\System32\Wbem;C:\Windows\System32\WindowsPowerShell\v1.0\;C:\Program Files\Java\jdk1.8.0_45\bin;C:\Program Files\Java\jre1.8.0_45\bin;C:\sonar-runner-2.4\bin;C:\Program Files\VisualSVN Server\bin;C:\Program Files (x86)\MySQL\MySQL Fabric 1.5.4 &amp; MySQL Utilities 1.5.4 1.5\;C:\Program Files (x86)\MySQL\MySQL Fabric 1.5.4 &amp; MySQL Utilities 1.5.4 1.5\Doctrine extensions for PHP\;C:\Program Files\Microsoft SQL Server\120\DTS\Binn\;C:\Program Files\Microsoft SQL Server\Client SDK\ODBC\110\Tools\Binn\;C:\Program Files (x86)\Microsoft SQL Server\120\Tools\Binn\;C:\Program Files\Microsoft SQL Server\120\Tools\Binn\;C:\Program Files (x86)\Microsoft SQL Server\120\Tools\Binn\ManagementStudio\;C:\Program Files (x86)\Microsoft SQL Server\120\DTS\Binn\;C:\Program Files (x86)\Windows Kits\8.1\Windows Performance Toolkit\;C:\Program Files\Microsoft SQL Server\110\Tools\Binn\;C:\Program Files (x86)\GtkSharp\2.12\bin;F:\eclipse;;." />
    <property name="java.vendor.url" value="http://java.oracle.com/" />
    <property name="ant.file.type.ManageBooks" value="file" />
    <property name="java.vm.vendor" value="Oracle Corporation" />
    <property name="java.runtime.name" value="Java(TM) SE Runtime Environment" />
    <property name="sun.java.command" value="org.apache.tools.ant.taskdefs.optional.junit.JUnitTestRunner jessie.booksmanage.test.service.ReadBeanRecordServiceImplTest skipNonTests=false filtertrace=true haltOnError=true haltOnFailure=false formatter=org.apache.tools.ant.taskdefs.optional.junit.SummaryJUnitResultFormatter showoutput=false outputtoformatters=true logfailedtests=true threadid=0 logtestlistenerevents=false formatter=org.apache.tools.ant.taskdefs.optional.junit.PlainJUnitResultFormatter formatter=org.apache.tools.ant.taskdefs.optional.junit.XMLJUnitResultFormatter,C:\Users\Administrator\Desktop\ManageBooks\JunitReport\TEST-jessie.booksmanage.test.service.ReadBeanRecordServiceImplTest.xml crashfile=C:\Users\Administrator\Desktop\ManageBooks\junitvmwatcher8415154078044970629.properties propsfile=C:\Users\Administrator\Desktop\ManageBooks\junit6817515352158672402.properties" />
    <property name="java.class.path" value="C:\Users\Administrator\Desktop\ManageBooks\WebContent\WEB-INF\lib\IKAnalyzer2012FF_u1.jar;C:\Users\Administrator\Desktop\ManageBooks\WebContent\WEB-INF\lib\Ice.jar;C:\Users\Administrator\Desktop\ManageBooks\WebContent\WEB-INF\lib\ant-junit4.jar;C:\Users\Administrator\Desktop\ManageBooks\WebContent\WEB-INF\lib\ant.jar;C:\Users\Administrator\Desktop\ManageBooks\WebContent\WEB-INF\lib\aopalliance-1.0.jar;C:\Users\Administrator\Desktop\ManageBooks\WebContent\WEB-INF\lib\asm-3.3.jar;C:\Users\Administrator\Desktop\ManageBooks\WebContent\WEB-INF\lib\asm-commons-3.3.jar;C:\Users\Administrator\Desktop\ManageBooks\WebContent\WEB-INF\lib\asm-tree-3.3.jar;C:\Users\Administrator\Desktop\ManageBooks\WebContent\WEB-INF\lib\c3p0-0.9.1.jar;C:\Users\Administrator\Desktop\ManageBooks\WebContent\WEB-INF\lib\cglib-2.2.jar;C:\Users\Administrator\Desktop\ManageBooks\WebContent\WEB-INF\lib\checkstyle-5.5-all.jar;C:\Users\Administrator\Desktop\ManageBooks\WebContent\WEB-INF\lib\classworlds-1.1.jar;C:\Users\Administrator\Desktop\ManageBooks\WebContent\WEB-INF\lib\commons-beanutils-1.8.0.jar;C:\Users\Administrator\Desktop\ManageBooks\WebContent\WEB-INF\lib\commons-chain-1.2.jar;C:\Users\Administrator\Desktop\ManageBooks\WebContent\WEB-INF\lib\commons-codec-1.5.jar;C:\Users\Administrator\Desktop\ManageBooks\WebContent\WEB-INF\lib\commons-collections-3.1.jar;C:\Users\Administrator\Desktop\ManageBooks\WebContent\WEB-INF\lib\commons-dbcp-1.4.jar;C:\Users\Administrator\Desktop\ManageBooks\WebContent\WEB-INF\lib\commons-digester-2.0.jar;C:\Users\Administrator\Desktop\ManageBooks\WebContent\WEB-INF\lib\commons-fileupload-1.3.jar;C:\Users\Administrator\Desktop\ManageBooks\WebContent\WEB-INF\lib\commons-io-2.2.jar;C:\Users\Administrator\Desktop\ManageBooks\WebContent\WEB-INF\lib\commons-lang3-3.1.jar;C:\Users\Administrator\Desktop\ManageBooks\WebContent\WEB-INF\lib\commons-logging-1.1.3.jar;C:\Users\Administrator\Desktop\ManageBooks\WebContent\WEB-INF\lib\commons-logging-api-1.1.jar;C:\Users\Administrator\Desktop\ManageBooks\WebContent\WEB-INF\lib\commons-pool-1.3.jar;C:\Users\Administrator\Desktop\ManageBooks\WebContent\WEB-INF\lib\commons-validator-1.3.1.jar;C:\Users\Administrator\Desktop\ManageBooks\WebContent\WEB-INF\lib\dbunit-2.5.1.jar;C:\Users\Administrator\Desktop\ManageBooks\WebContent\WEB-INF\lib\dom4j-1.6.1.jar;C:\Users\Administrator\Desktop\ManageBooks\WebContent\WEB-INF\lib\findbugs-2.0.1\lib\annotations.jar;C:\Users\Administrator\Desktop\ManageBooks\WebContent\WEB-INF\lib\findbugs-2.0.1\lib\ant.jar;C:\Users\Administrator\Desktop\ManageBooks\WebContent\WEB-INF\lib\findbugs-2.0.1\lib\asm-3.3.jar;C:\Users\Administrator\Desktop\ManageBooks\WebContent\WEB-INF\lib\findbugs-2.0.1\lib\asm-analysis-3.3.jar;C:\Users\Administrator\Desktop\ManageBooks\WebContent\WEB-INF\lib\findbugs-2.0.1\lib\asm-commons-3.3.jar;C:\Users\Administrator\Desktop\ManageBooks\WebContent\WEB-INF\lib\findbugs-2.0.1\lib\asm-tree-3.3.jar;C:\Users\Administrator\Desktop\ManageBooks\WebContent\WEB-INF\lib\findbugs-2.0.1\lib\asm-util-3.3.jar;C:\Users\Administrator\Desktop\ManageBooks\WebContent\WEB-INF\lib\findbugs-2.0.1\lib\asm-xml-3.3.jar;C:\Users\Administrator\Desktop\ManageBooks\WebContent\WEB-INF\lib\findbugs-2.0.1\lib\bcel.jar;C:\Users\Administrator\Desktop\ManageBooks\WebContent\WEB-INF\lib\findbugs-2.0.1\lib\commons-lang-2.4.jar;C:\Users\Administrator\Desktop\ManageBooks\WebContent\WEB-INF\lib\findbugs-2.0.1\lib\dom4j-1.6.1.jar;C:\Users\Administrator\Desktop\ManageBooks\WebContent\WEB-INF\lib\findbugs-2.0.1\lib\findbugs-ant.jar;C:\Users\Administrator\Desktop\ManageBooks\WebContent\WEB-INF\lib\findbugs-2.0.1\lib\findbugs.jar;C:\Users\Administrator\Desktop\ManageBooks\WebContent\WEB-INF\lib\findbugs-2.0.1\lib\jFormatString.jar;C:\Users\Administrator\Desktop\ManageBooks\WebContent\WEB-INF\lib\findbugs-2.0.1\lib\jaxen-1.1.1.jar;C:\Users\Administrator\Desktop\ManageBooks\WebContent\WEB-INF\lib\findbugs-2.0.1\lib\jcip-annotations.jar;C:\Users\Administrator\Desktop\ManageBooks\WebContent\WEB-INF\lib\findbugs-2.0.1\lib\jdepend-2.9.jar;C:\Users\Administrator\Desktop\ManageBooks\WebContent\WEB-INF\lib\findbugs-2.0.1\lib\jsr305.jar;C:\Users\Administrator\Desktop\ManageBooks\WebContent\WEB-INF\lib\findbugs-2.0.1\lib\yjp-controller-api-redist.jar;C:\Users\Administrator\Desktop\ManageBooks\WebContent\WEB-INF\lib\findbugs-2.0.1\optionalPlugin\bugCollectionCloud.jar;C:\Users\Administrator\Desktop\ManageBooks\WebContent\WEB-INF\lib\findbugs-2.0.1\optionalPlugin\noUpdateChecks.jar;C:\Users\Administrator\Desktop\ManageBooks\WebContent\WEB-INF\lib\findbugs-2.0.1\optionalPlugin\poweruser.jar;C:\Users\Administrator\Desktop\ManageBooks\WebContent\WEB-INF\lib\findbugs-2.0.1\plugin\findbugsCommunalCloud.jar;C:\Users\Administrator\Desktop\ManageBooks\WebContent\WEB-INF\lib\findbugs-2.0.1\plugin\webCloudClient.jar;C:\Users\Administrator\Desktop\ManageBooks\WebContent\WEB-INF\lib\fontbox-1.8.6.jar;C:\Users\Administrator\Desktop\ManageBooks\WebContent\WEB-INF\lib\freemarker-2.3.19.jar;C:\Users\Administrator\Desktop\ManageBooks\WebContent\WEB-INF\lib\gson-2.2.2.jar;C:\Users\Administrator\Desktop\ManageBooks\WebContent\WEB-INF\lib\guava-17.0.jar;C:\Users\Administrator\Desktop\ManageBooks\WebContent\WEB-INF\lib\hamcrest-all-1.3.jar;C:\Users\Administrator\Desktop\ManageBooks\WebContent\WEB-INF\lib\httpunit.jar;C:\Users\Administrator\Desktop\ManageBooks\WebContent\WEB-INF\lib\idstar.jar;C:\Users\Administrator\Desktop\ManageBooks\WebContent\WEB-INF\lib\ikanalyze.jar;C:\Users\Administrator\Desktop\ManageBooks\WebContent\WEB-INF\lib\jacocoant.jar;C:\Users\Administrator\Desktop\ManageBooks\WebContent\WEB-INF\lib\javassist-3.11.0.GA.jar;C:\Users\Administrator\Desktop\ManageBooks\WebContent\WEB-INF\lib\javax.servlet_3.0.0.v201112011016.jar;C:\Users\Administrator\Desktop\ManageBooks\WebContent\WEB-INF\lib\json-lib-2.3-jdk15.jar;C:\Users\Administrator\Desktop\ManageBooks\WebContent\WEB-INF\lib\jsp-api-2.2.jar;C:\Users\Administrator\Desktop\ManageBooks\WebContent\WEB-INF\lib\jstl-1.2.jar;C:\Users\Administrator\Desktop\ManageBooks\WebContent\WEB-INF\lib\junit-4.11-SNAPSHOT-20120805-1225.jar;C:\Users\Administrator\Desktop\ManageBooks\WebContent\WEB-INF\lib\junit.jar;C:\Users\Administrator\Desktop\ManageBooks\WebContent\WEB-INF\lib\jxl.jar;C:\Users\Administrator\Desktop\ManageBooks\WebContent\WEB-INF\lib\log4j-1.2.17.jar;C:\Users\Administrator\Desktop\ManageBooks\WebContent\WEB-INF\lib\lombok.jar;C:\Users\Administrator\Desktop\ManageBooks\WebContent\WEB-INF\lib\lucene-analyzers-common-4.7.0.jar;C:\Users\Administrator\Desktop\ManageBooks\WebContent\WEB-INF\lib\lucene-core-4.7.0.jar;C:\Users\Administrator\Desktop\ManageBooks\WebContent\WEB-INF\lib\lucene-facet-4.7.0.jar;C:\Users\Administrator\Desktop\ManageBooks\WebContent\WEB-INF\lib\lucene-queries-4.7.0.jar;C:\Users\Administrator\Desktop\ManageBooks\WebContent\WEB-INF\lib\lucene-queryparser-4.7.0.jar;C:\Users\Administrator\Desktop\ManageBooks\WebContent\WEB-INF\lib\mockito-all-1.10.19.jar;C:\Users\Administrator\Desktop\ManageBooks\WebContent\WEB-INF\lib\mockito-all-1.9.5-rc1.jar;C:\Users\Administrator\Desktop\ManageBooks\WebContent\WEB-INF\lib\mybatis-3.2.2.jar;C:\Users\Administrator\Desktop\ManageBooks\WebContent\WEB-INF\lib\mybatis-generator-core-1.3.2.jar;C:\Users\Administrator\Desktop\ManageBooks\WebContent\WEB-INF\lib\mybatis-spring-1.1.1.jar;C:\Users\Administrator\Desktop\ManageBooks\WebContent\WEB-INF\lib\mysql-connector-java-5.1.7-bin.jar;C:\Users\Administrator\Desktop\ManageBooks\WebContent\WEB-INF\lib\ognl-3.0.6.jar;C:\Users\Administrator\Desktop\ManageBooks\WebContent\WEB-INF\lib\pdfbox-1.8.6.jar;C:\Users\Administrator\Desktop\ManageBooks\WebContent\WEB-INF\lib\poi-3.10-FINAL-20140208.jar;C:\Users\Administrator\Desktop\ManageBooks\WebContent\WEB-INF\lib\poi-examples-3.10-FINAL-20140208.jar;C:\Users\Administrator\Desktop\ManageBooks\WebContent\WEB-INF\lib\poi-excelant-3.10-FINAL-20140208.jar;C:\Users\Administrator\Desktop\ManageBooks\WebContent\WEB-INF\lib\poi-ooxml-3.10-FINAL-20140208.jar;C:\Users\Administrator\Desktop\ManageBooks\WebContent\WEB-INF\lib\poi-ooxml-schemas-3.10-FINAL-20140208.jar;C:\Users\Administrator\Desktop\ManageBooks\WebContent\WEB-INF\lib\poi-scratchpad-3.10-FINAL-20140208.jar;C:\Users\Administrator\Desktop\ManageBooks\WebContent\WEB-INF\lib\servlet-api.jar;C:\Users\Administrator\Desktop\ManageBooks\WebContent\WEB-INF\lib\slf4j-api-1.7.21.jar;C:\Users\Administrator\Desktop\ManageBooks\WebContent\WEB-INF\lib\slf4j-log4j12-1.7.21.jar;C:\Users\Administrator\Desktop\ManageBooks\WebContent\WEB-INF\lib\slf4j-simple-1.7.21.jar;C:\Users\Administrator\Desktop\ManageBooks\WebContent\WEB-INF\lib\spring-aop-4.2.6.RELEASE-javadoc.jar;C:\Users\Administrator\Desktop\ManageBooks\WebContent\WEB-INF\lib\spring-aop-4.2.6.RELEASE-sources.jar;C:\Users\Administrator\Desktop\ManageBooks\WebContent\WEB-INF\lib\spring-aop-4.2.6.RELEASE.jar;C:\Users\Administrator\Desktop\ManageBooks\WebContent\WEB-INF\lib\spring-aspects-4.2.6.RELEASE-javadoc.jar;C:\Users\Administrator\Desktop\ManageBooks\WebContent\WEB-INF\lib\spring-aspects-4.2.6.RELEASE-sources.jar;C:\Users\Administrator\Desktop\ManageBooks\WebContent\WEB-INF\lib\spring-aspects-4.2.6.RELEASE.jar;C:\Users\Administrator\Desktop\ManageBooks\WebContent\WEB-INF\lib\spring-beans-4.2.6.RELEASE-javadoc.jar;C:\Users\Administrator\Desktop\ManageBooks\WebContent\WEB-INF\lib\spring-beans-4.2.6.RELEASE-sources.jar;C:\Users\Administrator\Desktop\ManageBooks\WebContent\WEB-INF\lib\spring-beans-4.2.6.RELEASE.jar;C:\Users\Administrator\Desktop\ManageBooks\WebContent\WEB-INF\lib\spring-context-4.2.6.RELEASE-javadoc.jar;C:\Users\Administrator\Desktop\ManageBooks\WebContent\WEB-INF\lib\spring-context-4.2.6.RELEASE-sources.jar;C:\Users\Administrator\Desktop\ManageBooks\WebContent\WEB-INF\lib\spring-context-4.2.6.RELEASE.jar;C:\Users\Administrator\Desktop\ManageBooks\WebContent\WEB-INF\lib\spring-context-support-4.2.6.RELEASE-javadoc.jar;C:\Users\Administrator\Desktop\ManageBooks\WebContent\WEB-INF\lib\spring-context-support-4.2.6.RELEASE-sources.jar;C:\Users\Administrator\Desktop\ManageBooks\WebContent\WEB-INF\lib\spring-context-support-4.2.6.RELEASE.jar;C:\Users\Administrator\Desktop\ManageBooks\WebContent\WEB-INF\lib\spring-core-4.2.6.RELEASE-javadoc.jar;C:\Users\Administrator\Desktop\ManageBooks\WebContent\WEB-INF\lib\spring-core-4.2.6.RELEASE-sources.jar;C:\Users\Administrator\Desktop\ManageBooks\WebContent\WEB-INF\lib\spring-core-4.2.6.RELEASE.jar;C:\Users\Administrator\Desktop\ManageBooks\WebContent\WEB-INF\lib\spring-expression-4.2.6.RELEASE-javadoc.jar;C:\Users\Administrator\Desktop\ManageBooks\WebContent\WEB-INF\lib\spring-expression-4.2.6.RELEASE-sources.jar;C:\Users\Administrator\Desktop\ManageBooks\WebContent\WEB-INF\lib\spring-expression-4.2.6.RELEASE.jar;C:\Users\Administrator\Desktop\ManageBooks\WebContent\WEB-INF\lib\spring-instrument-4.2.6.RELEASE-javadoc.jar;C:\Users\Administrator\Desktop\ManageBooks\WebContent\WEB-INF\lib\spring-instrument-4.2.6.RELEASE-sources.jar;C:\Users\Administrator\Desktop\ManageBooks\WebContent\WEB-INF\lib\spring-instrument-4.2.6.RELEASE.jar;C:\Users\Administrator\Desktop\ManageBooks\WebContent\WEB-INF\lib\spring-instrument-tomcat-4.2.6.RELEASE-javadoc.jar;C:\Users\Administrator\Desktop\ManageBooks\WebContent\WEB-INF\lib\spring-instrument-tomcat-4.2.6.RELEASE-sources.jar;C:\Users\Administrator\Desktop\ManageBooks\WebContent\WEB-INF\lib\spring-instrument-tomcat-4.2.6.RELEASE.jar;C:\Users\Administrator\Desktop\ManageBooks\WebContent\WEB-INF\lib\spring-jdbc-4.2.6.RELEASE-javadoc.jar;C:\Users\Administrator\Desktop\ManageBooks\WebContent\WEB-INF\lib\spring-jdbc-4.2.6.RELEASE-sources.jar;C:\Users\Administrator\Desktop\ManageBooks\WebContent\WEB-INF\lib\spring-jdbc-4.2.6.RELEASE.jar;C:\Users\Administrator\Desktop\ManageBooks\WebContent\WEB-INF\lib\spring-jms-4.2.6.RELEASE-javadoc.jar;C:\Users\Administrator\Desktop\ManageBooks\WebContent\WEB-INF\lib\spring-jms-4.2.6.RELEASE-sources.jar;C:\Users\Administrator\Desktop\ManageBooks\WebContent\WEB-INF\lib\spring-jms-4.2.6.RELEASE.jar;C:\Users\Administrator\Desktop\ManageBooks\WebContent\WEB-INF\lib\spring-messaging-4.2.6.RELEASE-javadoc.jar;C:\Users\Administrator\Desktop\ManageBooks\WebContent\WEB-INF\lib\spring-messaging-4.2.6.RELEASE-sources.jar;C:\Users\Administrator\Desktop\ManageBooks\WebContent\WEB-INF\lib\spring-messaging-4.2.6.RELEASE.jar;C:\Users\Administrator\Desktop\ManageBooks\WebContent\WEB-INF\lib\spring-orm-4.2.6.RELEASE-javadoc.jar;C:\Users\Administrator\Desktop\ManageBooks\WebContent\WEB-INF\lib\spring-orm-4.2.6.RELEASE-sources.jar;C:\Users\Administrator\Desktop\ManageBooks\WebContent\WEB-INF\lib\spring-orm-4.2.6.RELEASE.jar;C:\Users\Administrator\Desktop\ManageBooks\WebContent\WEB-INF\lib\spring-oxm-4.2.6.RELEASE-javadoc.jar;C:\Users\Administrator\Desktop\ManageBooks\WebContent\WEB-INF\lib\spring-oxm-4.2.6.RELEASE-sources.jar;C:\Users\Administrator\Desktop\ManageBooks\WebContent\WEB-INF\lib\spring-oxm-4.2.6.RELEASE.jar;C:\Users\Administrator\Desktop\ManageBooks\WebContent\WEB-INF\lib\spring-test-4.2.6.RELEASE-javadoc.jar;C:\Users\Administrator\Desktop\ManageBooks\WebContent\WEB-INF\lib\spring-test-4.2.6.RELEASE-sources.jar;C:\Users\Administrator\Desktop\ManageBooks\WebContent\WEB-INF\lib\spring-test-4.2.6.RELEASE.jar;C:\Users\Administrator\Desktop\ManageBooks\WebContent\WEB-INF\lib\spring-tx-4.2.6.RELEASE-javadoc.jar;C:\Users\Administrator\Desktop\ManageBooks\WebContent\WEB-INF\lib\spring-tx-4.2.6.RELEASE-sources.jar;C:\Users\Administrator\Desktop\ManageBooks\WebContent\WEB-INF\lib\spring-tx-4.2.6.RELEASE.jar;C:\Users\Administrator\Desktop\ManageBooks\WebContent\WEB-INF\lib\spring-web-4.2.6.RELEASE-javadoc.jar;C:\Users\Administrator\Desktop\ManageBooks\WebContent\WEB-INF\lib\spring-web-4.2.6.RELEASE-sources.jar;C:\Users\Administrator\Desktop\ManageBooks\WebContent\WEB-INF\lib\spring-web-4.2.6.RELEASE.jar;C:\Users\Administrator\Desktop\ManageBooks\WebContent\WEB-INF\lib\spring-webmvc-4.2.6.RELEASE-javadoc.jar;C:\Users\Administrator\Desktop\ManageBooks\WebContent\WEB-INF\lib\spring-webmvc-4.2.6.RELEASE-sources.jar;C:\Users\Administrator\Desktop\ManageBooks\WebContent\WEB-INF\lib\spring-webmvc-4.2.6.RELEASE.jar;C:\Users\Administrator\Desktop\ManageBooks\WebContent\WEB-INF\lib\spring-webmvc-portlet-4.2.6.RELEASE-javadoc.jar;C:\Users\Administrator\Desktop\ManageBooks\WebContent\WEB-INF\lib\spring-webmvc-portlet-4.2.6.RELEASE-sources.jar;C:\Users\Administrator\Desktop\ManageBooks\WebContent\WEB-INF\lib\spring-webmvc-portlet-4.2.6.RELEASE.jar;C:\Users\Administrator\Desktop\ManageBooks\WebContent\WEB-INF\lib\spring-websocket-4.2.6.RELEASE-javadoc.jar;C:\Users\Administrator\Desktop\ManageBooks\WebContent\WEB-INF\lib\spring-websocket-4.2.6.RELEASE-sources.jar;C:\Users\Administrator\Desktop\ManageBooks\WebContent\WEB-INF\lib\spring-websocket-4.2.6.RELEASE.jar;C:\Users\Administrator\Desktop\ManageBooks\WebContent\WEB-INF\lib\struts2-convention-plugin-2.3.16.jar;C:\Users\Administrator\Desktop\ManageBooks\WebContent\WEB-INF\lib\struts2-core-2.3.16.jar;C:\Users\Administrator\Desktop\ManageBooks\WebContent\WEB-INF\lib\struts2-json-plugin-2.3.16.jar;C:\Users\Administrator\Desktop\ManageBooks\WebContent\WEB-INF\lib\struts2-junit-plugin-2.3.16.jar;C:\Users\Administrator\Desktop\ManageBooks\WebContent\WEB-INF\lib\struts2-spring-plugin-2.3.16.jar;C:\Users\Administrator\Desktop\ManageBooks\WebContent\WEB-INF\lib\xbean.jar;C:\Users\Administrator\Desktop\ManageBooks\WebContent\WEB-INF\lib\xwork-core-2.3.16.jar;C:\Users\Administrator\Desktop\ManageBooks\src;C:\Users\Administrator\Desktop\ManageBooks\testsrc;C:\Users\Administrator\Desktop\ManageBooks\testbin;C:\Users\Administrator\Desktop\ManageBooks\srcbin;C:\apache-ant-1.9.5\lib\ant-launcher.jar;C:\apache-ant-1.9.5\lib\ant.jar;C:\apache-ant-1.9.5\lib\ant-junit.jar;C:\apache-ant-1.9.5\lib\ant-junit4.jar" />
    <property name="ant.version" value="Apache Ant(TM) version 1.9.5 compiled on May 31 2015" />
    <property name="CoverageReport.file" value="C:\Users\Administrator\Desktop\ManageBooks\CoverageReport\jacoco.exec" />
    <property name="java.vm.specification.name" value="Java Virtual Machine Specification" />
    <property name="java.vm.specification.version" value="1.8" />
    <property name="sun.cpu.endian" value="little" />
    <property name="sun.os.patch.level" value="Service Pack 1" />
    <property name="eclipse.pdebuild.home" value="/F:/eclipse/plugins/org.eclipse.pde.build_3.8.100.v20130514-1028/./" />
    <property name="java.io.tmpdir" value="C:\Users\ADMINI~1\AppData\Local\Temp\" />
    <property name="java.vendor.url.bug" value="http://bugreport.sun.com/bugreport/" />
    <property name="CoverageReport.dir" value="C:\Users\Administrator\Desktop\ManageBooks\CoverageReport" />
    <property name="os.arch" value="amd64" />
    <property name="java.awt.graphicsenv" value="sun.awt.Win32GraphicsEnvironment" />
    <property name="java.ext.dirs" value="C:\Program Files\Java\jre1.8.0_45\lib\ext;C:\Windows\Sun\Java\lib\ext" />
    <property name="user.dir" value="C:\Users\Administrator\Desktop\ManageBooks" />
    <property name="jacoco.dir" value="C:\Users\Administrator\Desktop\ManageBooks/jacoco" />
    <property name="line.separator" value="&#xd;&#xa;" />
    <property name="java.vm.name" value="Java HotSpot(TM) 64-Bit Server VM" />
    <property name="basedir" value="C:\Users\Administrator\Desktop\ManageBooks" />
    <property name="testbin.dir" value="C:\Users\Administrator\Desktop\ManageBooks\testbin" />
    <property name="ant.java.version" value="1.8" />
    <property name="ant.core.lib" value="C:\apache-ant-1.9.5\lib\ant.jar" />
    <property name="file.encoding" value="GBK" />
    <property name="java.specification.version" value="1.8" />
    <property name="src.dir" value="C:\Users\Administrator\Desktop\ManageBooks\src" />
    <property name="ant.project.invoked-targets" value="rebuild" />
    <property name="JunitReport.dir" value="C:\Users\Administrator\Desktop\ManageBooks\JunitReport" />
  </properties>
  <testcase classname="jessie.booksmanage.test.service.ReadBeanRecordServiceImplTest" name="testAddReadBeanRecord" time="0.018" />
  <testcase classname="jessie.booksmanage.test.service.ReadBeanRecordServiceImplTest" name="testGetBeanRecordByStuNum" time="0.001" />
  <system-out><![CDATA[]]></system-out>
  <system-err><![CDATA[]]></system-err>
</testsuite>
